<?xml version="1.0" encoding="UTF-8" ?>
<testsuite tests="8" failures="0" name="BankLoanCalculatorServiceTests" time="0.007" errors="0" skipped="0">
  <properties>
[...]
</properties>
  <testcase classname="BankLoanCalculatorServiceTests" name="When_Entering_Zero_On_Months_An_Exception_Is_Thrown" time="0.002"/>
  <testcase classname="BankLoanCalculatorServiceTests" name="When_Entering_Negative_Value_On_Months_An_Exception_Is_Thrown" time="0"/>
  <testcase classname="BankLoanCalculatorServiceTests" name="When_Entering_Zero_On_Amount_An_Exception_Is_Thrown" time="0"/>
  <testcase classname="BankLoanCalculatorServiceTests" name="When_Entering_Negative_Value_On_AnualIR_An_Exception_Is_Thrown" time="0"/>
  <testcase classname="BankLoanCalculatorServiceTests" name="When_Entering_Zero_On_AnualIR_An_Exception_Is_Thrown" time="0"/>
  <testcase classname="BankLoanCalculatorServiceTests" name="TestCorrectMonthlyPaymentCalculation" time="0.005"/>
  <testcase classname="BankLoanCalculatorServiceTests" name="TestCorrectTotalRepaymentCalculation" time="0"/>
  <testcase classname="BankLoanCalculatorServiceTests" name="When_Entering_Negative_Value_On_Amount_An_Exception_Is_Thrown" time="0"/>
</testsuite>